['run_exp.py', '0', 'Kinships', '10', '5e-4', 'zscore', '32', '30', '0', '1', 'simple', '1']
loading NN
done loading NN
loading dataset
Kinships
X_p: torch.Size([8544, 37])
X_p: torch.Size([1074, 37])
X_p: torch.Size([1068, 37])
done loading dataset
loading filters
done loading filters
loading negative samplers
loading triple features from cache
loading precalculated corruptions from cache
done loading negative samplers
Running in hyperparameter evaluation mode
TWIG will be evaulaited on the validation set
and will not be tested each epoch on the validation set
running training and eval
TWIG_KGL_v0(
  (linear_struct_1): Linear(in_features=22, out_features=10, bias=True)
  (relu_1): ReLU()
  (dropout_1): Dropout(p=0.01, inplace=False)
  (linear_struct_2): Linear(in_features=10, out_features=10, bias=True)
  (relu_2): ReLU()
  (dropout_2): Dropout(p=0.01, inplace=False)
  (linear_final): Linear(in_features=10, out_features=1, bias=True)
  (sigmoid_final): Sigmoid()
)
REC: Training with epochs = 10
Epoch 1 -- batch 0 / 267 loss: 0.1444161832332611
Epoch 2 -- batch 0 / 267 loss: 0.0992264673113823
Epoch 3 -- batch 0 / 267 loss: 0.09863250702619553
Epoch 4 -- batch 0 / 267 loss: 0.15925416350364685
Epoch 5 -- batch 0 / 267 loss: 0.12946699559688568
NOT Saving checkpoint at epoch 5
Epoch 6 -- batch 0 / 267 loss: 0.09906025230884552
Epoch 7 -- batch 0 / 267 loss: 0.09905926883220673
Epoch 8 -- batch 0 / 267 loss: 0.0984380841255188
Epoch 9 -- batch 0 / 267 loss: 0.09874967485666275
Epoch 10 -- batch 0 / 267 loss: 0.09869050234556198
NOT Saving checkpoint at epoch 10
Done Training!

==================================
Testing (cite this): dataloader for dataset Kinships
Testing (cite this): batch 0 / 34
ranks: tensor([99.0000, 94.5000, 97.0000,  ..., 90.5000, 92.0000, 95.5000])
mr: 93.38764190673828
mrr: 0.020073115825653076
h1: 0.009363295510411263
h3: 0.009363295510411263
h5: 0.009363295510411263
h10: 0.009363295510411263
==================================

Done Testing!
done with training and eval
Experiments took 61 seconds
