['run_exp.py', '0', 'Kinships', '10', '5e-6', 'zscore', '1024', '30', '0', '1', 'simple', '1']
loading NN
done loading NN
loading dataset
Kinships
X_p: torch.Size([8544, 37])
X_p: torch.Size([1074, 37])
X_p: torch.Size([1068, 37])
done loading dataset
loading filters
done loading filters
loading negative samplers
loading triple features from cache
loading precalculated corruptions from cache
done loading negative samplers
Running in hyperparameter evaluation mode
TWIG will be evaulaited on the validation set
and will not be tested each epoch on the validation set
running training and eval
TWIG_KGL_v0(
  (linear_struct_1): Linear(in_features=22, out_features=10, bias=True)
  (relu_1): ReLU()
  (dropout_1): Dropout(p=0.01, inplace=False)
  (linear_struct_2): Linear(in_features=10, out_features=10, bias=True)
  (relu_2): ReLU()
  (dropout_2): Dropout(p=0.01, inplace=False)
  (linear_final): Linear(in_features=10, out_features=1, bias=True)
  (sigmoid_final): Sigmoid()
)
REC: Training with epochs = 10
Epoch 1 -- batch 0 / 9 loss: 0.12476155161857605
Epoch 2 -- batch 0 / 9 loss: 0.1286800503730774
Epoch 3 -- batch 0 / 9 loss: 0.12036381661891937
Epoch 4 -- batch 0 / 9 loss: 0.12209559977054596
Epoch 5 -- batch 0 / 9 loss: 0.12002912908792496
NOT Saving checkpoint at epoch 5
Epoch 6 -- batch 0 / 9 loss: 0.1223185732960701
Epoch 7 -- batch 0 / 9 loss: 0.12450812757015228
Epoch 8 -- batch 0 / 9 loss: 0.12502062320709229
Epoch 9 -- batch 0 / 9 loss: 0.11595015227794647
Epoch 10 -- batch 0 / 9 loss: 0.12610343098640442
NOT Saving checkpoint at epoch 10
Done Training!

==================================
Testing (cite this): dataloader for dataset Kinships
Testing (cite this): batch 0 / 2
ranks: tensor([197., 188., 193.,  ..., 180., 183.,  96.])
mr: 143.07630920410156
mrr: 0.08457837253808975
h1: 0.06835205852985382
h3: 0.07397003471851349
h5: 0.08426966518163681
h10: 0.10674156993627548
==================================

Done Testing!
done with training and eval
Experiments took 53 seconds
