['run_exp.py', '0', 'Kinships', '10', '5e-6', 'zscore', '256', '5', '0', '1', 'simple', '1']
loading NN
done loading NN
loading dataset
Kinships
X_p: torch.Size([8544, 37])
X_p: torch.Size([1074, 37])
X_p: torch.Size([1068, 37])
done loading dataset
loading filters
done loading filters
loading negative samplers
loading triple features from cache
loading precalculated corruptions from cache
done loading negative samplers
Running in hyperparameter evaluation mode
TWIG will be evaulaited on the validation set
and will not be tested each epoch on the validation set
running training and eval
TWIG_KGL_v0(
  (linear_struct_1): Linear(in_features=22, out_features=10, bias=True)
  (relu_1): ReLU()
  (dropout_1): Dropout(p=0.01, inplace=False)
  (linear_struct_2): Linear(in_features=10, out_features=10, bias=True)
  (relu_2): ReLU()
  (dropout_2): Dropout(p=0.01, inplace=False)
  (linear_final): Linear(in_features=10, out_features=1, bias=True)
  (sigmoid_final): Sigmoid()
)
REC: Training with epochs = 10
Epoch 1 -- batch 0 / 34 loss: 0.12343446165323257
Epoch 2 -- batch 0 / 34 loss: 0.12473080307245255
Epoch 3 -- batch 0 / 34 loss: 0.1179337427020073
Epoch 4 -- batch 0 / 34 loss: 0.11444318294525146
Epoch 5 -- batch 0 / 34 loss: 0.10874523222446442
NOT Saving checkpoint at epoch 5
Epoch 6 -- batch 0 / 34 loss: 0.11920543015003204
Epoch 7 -- batch 0 / 34 loss: 0.12262705713510513
Epoch 8 -- batch 0 / 34 loss: 0.12856422364711761
Epoch 9 -- batch 0 / 34 loss: 0.1226816400885582
Epoch 10 -- batch 0 / 34 loss: 0.12831752002239227
NOT Saving checkpoint at epoch 10
Done Training!

==================================
Testing (cite this): dataloader for dataset Kinships
Testing (cite this): batch 0 / 5
ranks: tensor([197., 188., 193.,  ..., 180., 183.,  98.])
mr: 143.58660888671875
mrr: 0.08800721168518066
h1: 0.07303370535373688
h3: 0.07865168899297714
h5: 0.08614232391119003
h10: 0.10393258184194565
==================================

Done Testing!
done with training and eval
Experiments took 51 seconds
