['run_exp.py', '0', 'Kinships', '10', '5e-5', 'zscore', '256', '5', '0', '1', 'simple', '1']
loading NN
done loading NN
loading dataset
Kinships
X_p: torch.Size([8544, 37])
X_p: torch.Size([1074, 37])
X_p: torch.Size([1068, 37])
done loading dataset
loading filters
done loading filters
loading negative samplers
loading triple features from cache
loading precalculated corruptions from cache
done loading negative samplers
Running in hyperparameter evaluation mode
TWIG will be evaulaited on the validation set
and will not be tested each epoch on the validation set
running training and eval
TWIG_KGL_v0(
  (linear_struct_1): Linear(in_features=22, out_features=10, bias=True)
  (relu_1): ReLU()
  (dropout_1): Dropout(p=0.01, inplace=False)
  (linear_struct_2): Linear(in_features=10, out_features=10, bias=True)
  (relu_2): ReLU()
  (dropout_2): Dropout(p=0.01, inplace=False)
  (linear_final): Linear(in_features=10, out_features=1, bias=True)
  (sigmoid_final): Sigmoid()
)
REC: Training with epochs = 10
Epoch 1 -- batch 0 / 34 loss: 0.12370055168867111
Epoch 2 -- batch 0 / 34 loss: 0.11697359383106232
Epoch 3 -- batch 0 / 34 loss: 0.11079700291156769
Epoch 4 -- batch 0 / 34 loss: 0.11163542419672012
Epoch 5 -- batch 0 / 34 loss: 0.10599877685308456
NOT Saving checkpoint at epoch 5
Epoch 6 -- batch 0 / 34 loss: 0.117098368704319
Epoch 7 -- batch 0 / 34 loss: 0.11614298820495605
Epoch 8 -- batch 0 / 34 loss: 0.12243316322565079
Epoch 9 -- batch 0 / 34 loss: 0.1204422265291214
Epoch 10 -- batch 0 / 34 loss: 0.12213224172592163
NOT Saving checkpoint at epoch 10
Done Training!

==================================
Testing (cite this): dataloader for dataset Kinships
Testing (cite this): batch 0 / 5
ranks: tensor([197., 188., 193.,  ..., 180., 183., 109.])
mr: 148.22706604003906
mrr: 0.0656716376543045
h1: 0.05149812623858452
h3: 0.058052435517311096
h5: 0.06086142361164093
h10: 0.07771535217761993
==================================

Done Testing!
done with training and eval
Experiments took 55 seconds
