['run_exp.py', '0', 'Kinships', '10', '5e-4', 'zscore', '1024', '5', '0', '1', 'simple', '1']
loading NN
done loading NN
loading dataset
Kinships
X_p: torch.Size([8544, 37])
X_p: torch.Size([1074, 37])
X_p: torch.Size([1068, 37])
done loading dataset
loading filters
done loading filters
loading negative samplers
loading triple features from cache
loading precalculated corruptions from cache
done loading negative samplers
Running in hyperparameter evaluation mode
TWIG will be evaulaited on the validation set
and will not be tested each epoch on the validation set
running training and eval
TWIG_KGL_v0(
  (linear_struct_1): Linear(in_features=22, out_features=10, bias=True)
  (relu_1): ReLU()
  (dropout_1): Dropout(p=0.01, inplace=False)
  (linear_struct_2): Linear(in_features=10, out_features=10, bias=True)
  (relu_2): ReLU()
  (dropout_2): Dropout(p=0.01, inplace=False)
  (linear_final): Linear(in_features=10, out_features=1, bias=True)
  (sigmoid_final): Sigmoid()
)
REC: Training with epochs = 10
Epoch 1 -- batch 0 / 9 loss: 0.12424039840698242
Epoch 2 -- batch 0 / 9 loss: 0.11784084886312485
Epoch 3 -- batch 0 / 9 loss: 0.11112683266401291
Epoch 4 -- batch 0 / 9 loss: 0.11429460346698761
Epoch 5 -- batch 0 / 9 loss: 0.11324461549520493
NOT Saving checkpoint at epoch 5
Epoch 6 -- batch 0 / 9 loss: 0.11441268771886826
Epoch 7 -- batch 0 / 9 loss: 0.1178220883011818
Epoch 8 -- batch 0 / 9 loss: 0.11773627996444702
Epoch 9 -- batch 0 / 9 loss: 0.10892515629529953
Epoch 10 -- batch 0 / 9 loss: 0.11517386883497238
NOT Saving checkpoint at epoch 10
Done Training!

==================================
Testing (cite this): dataloader for dataset Kinships
Testing (cite this): batch 0 / 2
ranks: tensor([ 63.0000, 188.0000, 193.0000,  ..., 180.0000, 183.0000,  74.5000])
mr: 131.9868927001953
mrr: 0.022249359637498856
h1: 0.013108613900840282
h3: 0.013108613900840282
h5: 0.013108613900840282
h10: 0.013108613900840282
==================================

Done Testing!
done with training and eval
Experiments took 61 seconds
