['run_exp.py', '0', 'Kinships', '10', '5e-5', 'zscore', '1024', '5', '0', '1', 'simple', '1']
loading NN
done loading NN
loading dataset
Kinships
X_p: torch.Size([8544, 37])
X_p: torch.Size([1074, 37])
X_p: torch.Size([1068, 37])
done loading dataset
loading filters
done loading filters
loading negative samplers
loading triple features from cache
loading precalculated corruptions from cache
done loading negative samplers
Running in hyperparameter evaluation mode
TWIG will be evaulaited on the validation set
and will not be tested each epoch on the validation set
running training and eval
TWIG_KGL_v0(
  (linear_struct_1): Linear(in_features=22, out_features=10, bias=True)
  (relu_1): ReLU()
  (dropout_1): Dropout(p=0.01, inplace=False)
  (linear_struct_2): Linear(in_features=10, out_features=10, bias=True)
  (relu_2): ReLU()
  (dropout_2): Dropout(p=0.01, inplace=False)
  (linear_final): Linear(in_features=10, out_features=1, bias=True)
  (sigmoid_final): Sigmoid()
)
REC: Training with epochs = 10
Epoch 1 -- batch 0 / 9 loss: 0.12520456314086914
Epoch 2 -- batch 0 / 9 loss: 0.12315656989812851
Epoch 3 -- batch 0 / 9 loss: 0.11437884718179703
Epoch 4 -- batch 0 / 9 loss: 0.11590342968702316
Epoch 5 -- batch 0 / 9 loss: 0.11390113085508347
NOT Saving checkpoint at epoch 5
Epoch 6 -- batch 0 / 9 loss: 0.11542941629886627
Epoch 7 -- batch 0 / 9 loss: 0.11858265846967697
Epoch 8 -- batch 0 / 9 loss: 0.11836092919111252
Epoch 9 -- batch 0 / 9 loss: 0.10978739708662033
Epoch 10 -- batch 0 / 9 loss: 0.11744282394647598
NOT Saving checkpoint at epoch 10
Done Training!

==================================
Testing (cite this): dataloader for dataset Kinships
Testing (cite this): batch 0 / 2
ranks: tensor([197., 188., 193.,  ..., 180., 183., 109.])
mr: 146.76919555664062
mrr: 0.06872866302728653
h1: 0.05430711433291435
h3: 0.06179775297641754
h5: 0.06554307043552399
h10: 0.08146067708730698
==================================

Done Testing!
done with training and eval
Experiments took 49 seconds
