['run_exp.py', '0', 'Kinships', '10', '5e-6', 'zscore', '32', '30', '0', '1', 'simple', '1']
loading NN
done loading NN
loading dataset
Kinships
X_p: torch.Size([8544, 37])
X_p: torch.Size([1074, 37])
X_p: torch.Size([1068, 37])
done loading dataset
loading filters
done loading filters
loading negative samplers
loading triple features from cache
loading precalculated corruptions from cache
done loading negative samplers
Running in hyperparameter evaluation mode
TWIG will be evaulaited on the validation set
and will not be tested each epoch on the validation set
running training and eval
TWIG_KGL_v0(
  (linear_struct_1): Linear(in_features=22, out_features=10, bias=True)
  (relu_1): ReLU()
  (dropout_1): Dropout(p=0.01, inplace=False)
  (linear_struct_2): Linear(in_features=10, out_features=10, bias=True)
  (relu_2): ReLU()
  (dropout_2): Dropout(p=0.01, inplace=False)
  (linear_final): Linear(in_features=10, out_features=1, bias=True)
  (sigmoid_final): Sigmoid()
)
REC: Training with epochs = 10
Epoch 1 -- batch 0 / 267 loss: 0.1468142867088318
Epoch 2 -- batch 0 / 267 loss: 0.10371735692024231
Epoch 3 -- batch 0 / 267 loss: 0.10173553973436356
Epoch 4 -- batch 0 / 267 loss: 0.15838992595672607
Epoch 5 -- batch 0 / 267 loss: 0.12831135094165802
NOT Saving checkpoint at epoch 5
Epoch 6 -- batch 0 / 267 loss: 0.0987400934100151
Epoch 7 -- batch 0 / 267 loss: 0.0986533835530281
Epoch 8 -- batch 0 / 267 loss: 0.12836582958698273
Epoch 9 -- batch 0 / 267 loss: 0.09793730080127716
Epoch 10 -- batch 0 / 267 loss: 0.12941130995750427
NOT Saving checkpoint at epoch 10
Done Training!

==================================
Testing (cite this): dataloader for dataset Kinships
Testing (cite this): batch 0 / 34
ranks: tensor([197., 188., 193.,  ..., 180., 183., 138.])
mr: 149.78932189941406
mrr: 0.07125752419233322
h1: 0.058052435517311096
h3: 0.06460674107074738
h5: 0.0664793998003006
h10: 0.08239700645208359
==================================

Done Testing!
done with training and eval
Experiments took 57 seconds
