['run_exp.py', '0', 'UMLS-Kinships', '10', '5e-4', 'zscore', '32', '5', '0', '1', 'simple', '1']
loading NN
done loading NN
loading dataset
UMLS
X_p: torch.Size([5216, 37])
X_p: torch.Size([661, 37])
X_p: torch.Size([652, 37])
Kinships
X_p: torch.Size([8544, 37])
X_p: torch.Size([1074, 37])
X_p: torch.Size([1068, 37])
done loading dataset
loading filters
done loading filters
loading negative samplers
loading triple features from cache
loading precalculated corruptions from cache
loading triple features from cache
loading precalculated corruptions from cache
done loading negative samplers
Running in hyperparameter evaluation mode
TWIG will be evaulaited on the validation set
and will not be tested each epoch on the validation set
running training and eval
TWIG_KGL_v0(
  (linear_struct_1): Linear(in_features=22, out_features=10, bias=True)
  (relu_1): ReLU()
  (dropout_1): Dropout(p=0.01, inplace=False)
  (linear_struct_2): Linear(in_features=10, out_features=10, bias=True)
  (relu_2): ReLU()
  (dropout_2): Dropout(p=0.01, inplace=False)
  (linear_final): Linear(in_features=10, out_features=1, bias=True)
  (sigmoid_final): Sigmoid()
)
REC: Training with epochs = 10
Epoch 1 -- batch 0 / 430 loss: 0.1744537651538849
Epoch 2 -- batch 0 / 430 loss: 0.09618710726499557
Epoch 3 -- batch 0 / 430 loss: 0.11928889900445938
Epoch 4 -- batch 0 / 430 loss: 0.09160937368869781
Epoch 5 -- batch 0 / 430 loss: 0.07027699798345566
NOT Saving checkpoint at epoch 5
Epoch 6 -- batch 0 / 430 loss: 0.1310998946428299
Epoch 7 -- batch 0 / 430 loss: 0.07626970112323761
Epoch 8 -- batch 0 / 430 loss: 0.07914271205663681
Epoch 9 -- batch 0 / 430 loss: 0.05719882249832153
Epoch 10 -- batch 0 / 430 loss: 0.07153431326150894
NOT Saving checkpoint at epoch 10
Done Training!

==================================
Testing (cite this): dataloader for dataset UMLS
Testing (cite this): batch 0 / 21
ranks: tensor([  1.,   1.,   1.,   1.,   1.,   1.,   1.,   1.,   1.,   1.,   1.,   1.,
          1.,   1.,   1.,   1.,   1.,   1.,   1.,   1.,   1.,   1.,   1.,   1.,
          1.,   1.,   1.,   1.,   1.,   1.,   1.,   1.,  66.,   1.,   1.,   1.,
          1.,   1.,   1.,   1.,   1.,   1.,   1.,   1.,   1.,   1.,   1.,   1.,
          1.,   1.,   1.,   1.,   1.,   1.,   1.,   1.,   1.,   1.,   1.,   1.,
          1.,   1.,   1.,   1.,   1.,   1.,   1.,   1.,   1.,   1.,   1.,   1.,
          1.,   1.,   1.,   1.,   1.,   1.,   1.,   1.,   1.,   1.,   1.,   1.,
          1.,   1.,   1.,   1.,   1.,   1.,   1.,   1.,   1.,   1.,   1.,   1.,
          1.,   1.,   1.,   1.,   1.,   1.,   1.,   1., 164.,   1.,   1.,   1.,
          1.,  17.,   1.,   1.,   1.,   1.,   1.,   1.,   1.,   1.,   1.,   1.,
          1.,   1.,   1.,   1.,   1.,   1.,   1.,   1.,   1.,   1.,   1.,   1.,
          1.,   1.,   1.,   1.,   1.,   1.,   1.,   1.,   1.,   1.,   1.,   1.,
          1.,   1.,   1.,   1.,   1.,   1.,   1.,   1.,  88.,   1.,   1.,   1.,
          1.,   1.,   1.,   1.,   1.,   1.,   1.,   1.,   1.,   1.,   1.,   1.,
          1.,   1.,   1.,   1.,   1.,   1.,   1.,   1.,   1.,   1.,   1.,   1.,
          1.,   1.,   1.,   1.,   1.,   1.,   1.,   1.,   1.,   1.,   1.,   1.,
          1.,   1.,   1.,   1.,   1.,   1.,   1.,   1.,   1.,   1.,   1.,   1.,
          1.,   1.,   1.,   1.,   1.,   1.,  83.,  68.,   1.,   1.,   1.,   1.,
          1.,   1.,   1.,   1.,   1.,   1.,   1.,   1.,   1.,   1.,   1.,   1.,
          1.,   1.,   1.,   1.,   1.,   1.,   1.,   1.,   1.,   1.,   1.,   1.,
          1.,   1.,   1.,   1.,   1.,   1.,   1.,   1.,   1.,   1.,   1.,   1.,
          1., 127.,   1.,   1.,   1.,   1.,   1.,   1.,   1.,   1.,   1.,   1.,
          1.,   1.,   1.,   1.,   1.,   1.,   1.,   1.,   1.,   1.,   1.,   1.,
          1.,   1.,   1.,   1.,   1.,   1.,   1.,   1.,   1.,   1.,   1.,   1.,
          1.,   1.,   1.,   1.,   1.,   1.,  26., 112.,   1.,   1.,   1.,   1.,
          1.,   1.,   1.,   1.,   1.,   1.,   1.,   1.,   1.,   1.,   1., 173.,
          1., 198.,   1.,   1.,   1.,   1.,   1.,   1.,   1.,  28.,   1.,  73.,
          1.,   1.,   1.,   6.,   1.,   1.,   1.,   1.,   1.,   1.,   1.,  30.,
          3.,   1.,   1.,   1.,   1.,   1.,   1.,   1.,   1.,   1.,   1.,   1.,
          1.,   1.,   1.,   1.,   1.,   1.,   1.,   1.,   1.,   1.,   1.,   1.,
          1.,   1.,   1.,   1.,   1.,   1.,   1.,   1.,   1.,   1.,   1.,   1.,
          1.,   1.,   1.,   1.,   1.,   1.,   1.,   1.,   1.,   1.,   1.,   1.,
          1.,   1.,   1.,  33.,   1.,   1.,   1.,   1.,   1.,   1.,   1.,   1.,
          1.,   1.,   1.,   1.,   1.,   1.,   1.,  58.,   1.,   1.,   1.,   1.,
          1.,   1.,   1.,   1.,   1.,   1.,   1.,   1.,   1.,   1.,   1.,   1.,
          1.,   1.,   1.,   1.,   1.,   1.,   1.,   1.,   1.,   1.,   1.,   1.,
          1.,   1.,   1.,   1.,   1.,   1.,   1.,   1.,   1., 137.,   1.,   1.,
          1.,   1.,   1.,   1.,   1.,   1.,   1.,   1.,   1.,   1.,   1.,   1.,
          1.,   1.,   1.,   1.,   1.,   1.,   1.,   1.,   1.,   1.,   1.,   1.,
          1.,   1.,   1.,   1.,   1.,   1.,   1.,   1.,   1.,   1.,   1.,   1.,
          1.,   1.,   1.,   1.,   1.,   1.,   1.,   1.,   1.,   1.,   1.,   1.,
          1.,   1.,   1.,   1.,   1.,   1.,   1.,   1.,   1.,   1.,   1.,   1.,
          1.,   1.,   1.,   1.,   1.,   1.,   1.,   1.,   1.,   1.,   1.,   1.,
         86.,   1.,   1.,   1.,   1.,   1.,   1.,   1.,   1.,   1.,   1.,   1.,
          1.,   1.,   1.,   1.,   1.,   1.,   1.,   1.,   1.,   1.,  94.,   1.,
         20., 197.,   1.,   1.,   1.,   1.,   1.,   1.,   1.,   1.,   1.,   1.,
          1.,   1.,   1.,   1.,   1.,   1.,   1.,   1.,   1.,   1., 124.,   1.,
          3.,   1.,   1.,   4.,   1.,  24.,   3.,   1.,   1.,  29.,   1.,   1.,
          1.,   1.,   1.,   1.,  24.,   1.,   3.,  64.,   1.,   1.,   1.,   1.,
          1.,   1.,   1.,   1.,   1.,   1.,   1.,   1.,   1.,   1.,   1.,   1.,
          1.,   1.,   1.,   1.,   1.,   1.,   1.,   1.,   1.,   1.,   1.,   1.,
         15.,   1.,   1.,   1.,   1.,   1.,   1.,   1.,   1.,   1.,   1.,   1.,
          1.,   1.,   1.,   1.,   1.,   1.,   1.,   1.,   1.,   1.,   1.,   1.,
          1.,   1.,   1.,   1.,   1.,   1.,   1.,   1.,   1.,   1.,   1.,   1.,
          1.,   1.,   1.,   1.])
mr: 4.29294490814209
mrr: 0.9530021548271179
h1: 0.949386477470398
h3: 0.9555214643478394
h5: 0.9570552110671997
h10: 0.9585889577865601
Testing (cite this): dataloader for dataset Kinships
ranks: tensor([1., 1., 1.,  ..., 1., 1., 1.])
mr: 2.248255729675293
mrr: 0.9821845889091492
h1: 0.9808139801025391
h3: 0.9831395149230957
h5: 0.9837209582328796
h10: 0.9843023419380188
==================================

Done Testing!
done with training and eval
Experiments took 102 seconds
