['run_exp.py', '0', 'Kinships', '10', '5e-6', 'zscore', '256', '100', '0', '1', 'simple', '1']
loading NN
done loading NN
loading dataset
Kinships
X_p: torch.Size([8544, 37])
X_p: torch.Size([1074, 37])
X_p: torch.Size([1068, 37])
done loading dataset
loading filters
done loading filters
loading negative samplers
loading triple features from cache
loading precalculated corruptions from cache
done loading negative samplers
Running in hyperparameter evaluation mode
TWIG will be evaulaited on the validation set
and will not be tested each epoch on the validation set
running training and eval
TWIG_KGL_v0(
  (linear_struct_1): Linear(in_features=22, out_features=10, bias=True)
  (relu_1): ReLU()
  (dropout_1): Dropout(p=0.01, inplace=False)
  (linear_struct_2): Linear(in_features=10, out_features=10, bias=True)
  (relu_2): ReLU()
  (dropout_2): Dropout(p=0.01, inplace=False)
  (linear_final): Linear(in_features=10, out_features=1, bias=True)
  (sigmoid_final): Sigmoid()
)
REC: Training with epochs = 10
Epoch 1 -- batch 0 / 34 loss: 0.12287092953920364
Epoch 2 -- batch 0 / 34 loss: 0.1256759762763977
Epoch 3 -- batch 0 / 34 loss: 0.11706196516752243
Epoch 4 -- batch 0 / 34 loss: 0.1154620349407196
Epoch 5 -- batch 0 / 34 loss: 0.10841765999794006
NOT Saving checkpoint at epoch 5
Epoch 6 -- batch 0 / 34 loss: 0.11943187564611435
Epoch 7 -- batch 0 / 34 loss: 0.12371747940778732
Epoch 8 -- batch 0 / 34 loss: 0.12794141471385956
Epoch 9 -- batch 0 / 34 loss: 0.1247032880783081
Epoch 10 -- batch 0 / 34 loss: 0.12794876098632812
NOT Saving checkpoint at epoch 10
Done Training!

==================================
Testing (cite this): dataloader for dataset Kinships
Testing (cite this): batch 0 / 5
ranks: tensor([197., 188., 193.,  ..., 180., 183.,  97.])
mr: 143.5140380859375
mrr: 0.08921454101800919
h1: 0.0749063640832901
h3: 0.08052434772253036
h5: 0.08520599454641342
h10: 0.11048689484596252
==================================

Done Testing!
done with training and eval
Experiments took 75 seconds
