['run_exp.py', '0', 'Kinships', '10', '5e-6', 'zscore', '256', '30', '0', '1', 'simple', '1']
loading NN
done loading NN
loading dataset
Kinships
X_p: torch.Size([8544, 37])
X_p: torch.Size([1074, 37])
X_p: torch.Size([1068, 37])
done loading dataset
loading filters
done loading filters
loading negative samplers
loading triple features from cache
loading precalculated corruptions from cache
done loading negative samplers
Running in hyperparameter evaluation mode
TWIG will be evaulaited on the validation set
and will not be tested each epoch on the validation set
running training and eval
TWIG_KGL_v0(
  (linear_struct_1): Linear(in_features=22, out_features=10, bias=True)
  (relu_1): ReLU()
  (dropout_1): Dropout(p=0.01, inplace=False)
  (linear_struct_2): Linear(in_features=10, out_features=10, bias=True)
  (relu_2): ReLU()
  (dropout_2): Dropout(p=0.01, inplace=False)
  (linear_final): Linear(in_features=10, out_features=1, bias=True)
  (sigmoid_final): Sigmoid()
)
REC: Training with epochs = 10
Epoch 1 -- batch 0 / 34 loss: 0.12295755743980408
Epoch 2 -- batch 0 / 34 loss: 0.12497661262750626
Epoch 3 -- batch 0 / 34 loss: 0.11677733063697815
Epoch 4 -- batch 0 / 34 loss: 0.11570820957422256
Epoch 5 -- batch 0 / 34 loss: 0.10871022194623947
NOT Saving checkpoint at epoch 5
Epoch 6 -- batch 0 / 34 loss: 0.11939477175474167
Epoch 7 -- batch 0 / 34 loss: 0.12424594163894653
Epoch 8 -- batch 0 / 34 loss: 0.12865322828292847
Epoch 9 -- batch 0 / 34 loss: 0.12517963349819183
Epoch 10 -- batch 0 / 34 loss: 0.12741339206695557
NOT Saving checkpoint at epoch 10
Done Training!

==================================
Testing (cite this): dataloader for dataset Kinships
Testing (cite this): batch 0 / 5
ranks: tensor([197., 188., 193.,  ..., 180., 183.,  98.])
mr: 143.56788635253906
mrr: 0.0891948938369751
h1: 0.07397003471851349
h3: 0.08146067708730698
h5: 0.08707865327596664
h10: 0.11235955357551575
==================================

Done Testing!
done with training and eval
Experiments took 59 seconds
