['run_exp.py', '0', 'Kinships', '10', '5e-6', 'zscore', '32', '100', '0', '1', 'simple', '1']
loading NN
done loading NN
loading dataset
Kinships
X_p: torch.Size([8544, 37])
X_p: torch.Size([1074, 37])
X_p: torch.Size([1068, 37])
done loading dataset
loading filters
done loading filters
loading negative samplers
loading triple features from cache
loading precalculated corruptions from cache
done loading negative samplers
Running in hyperparameter evaluation mode
TWIG will be evaulaited on the validation set
and will not be tested each epoch on the validation set
running training and eval
TWIG_KGL_v0(
  (linear_struct_1): Linear(in_features=22, out_features=10, bias=True)
  (relu_1): ReLU()
  (dropout_1): Dropout(p=0.01, inplace=False)
  (linear_struct_2): Linear(in_features=10, out_features=10, bias=True)
  (relu_2): ReLU()
  (dropout_2): Dropout(p=0.01, inplace=False)
  (linear_final): Linear(in_features=10, out_features=1, bias=True)
  (sigmoid_final): Sigmoid()
)
REC: Training with epochs = 10
Epoch 1 -- batch 0 / 267 loss: 0.1447022557258606
Epoch 2 -- batch 0 / 267 loss: 0.10358283668756485
Epoch 3 -- batch 0 / 267 loss: 0.10078782588243484
Epoch 4 -- batch 0 / 267 loss: 0.1603163480758667
Epoch 5 -- batch 0 / 267 loss: 0.12929680943489075
NOT Saving checkpoint at epoch 5
Epoch 6 -- batch 0 / 267 loss: 0.09820757061243057
Epoch 7 -- batch 0 / 267 loss: 0.09805849939584732
Epoch 8 -- batch 0 / 267 loss: 0.12916530668735504
Epoch 9 -- batch 0 / 267 loss: 0.09821198880672455
Epoch 10 -- batch 0 / 267 loss: 0.1292034089565277
NOT Saving checkpoint at epoch 10
Done Training!

==================================
Testing (cite this): dataloader for dataset Kinships
Testing (cite this): batch 0 / 34
ranks: tensor([197., 188., 193.,  ..., 180., 183., 138.])
mr: 149.78370666503906
mrr: 0.07091183215379715
h1: 0.057116106152534485
h3: 0.06460674107074738
h5: 0.0664793998003006
h10: 0.07958801835775375
==================================

Done Testing!
done with training and eval
Experiments took 71 seconds
