['run_exp.py', '0', 'Kinships', '10', '5e-6', 'zscore', '32', '5', '0', '1', 'simple', '1']
loading NN
done loading NN
loading dataset
Kinships
X_p: torch.Size([8544, 37])
X_p: torch.Size([1074, 37])
X_p: torch.Size([1068, 37])
done loading dataset
loading filters
done loading filters
loading negative samplers
loading triple features from cache
loading precalculated corruptions from cache
done loading negative samplers
Running in hyperparameter evaluation mode
TWIG will be evaulaited on the validation set
and will not be tested each epoch on the validation set
running training and eval
TWIG_KGL_v0(
  (linear_struct_1): Linear(in_features=22, out_features=10, bias=True)
  (relu_1): ReLU()
  (dropout_1): Dropout(p=0.01, inplace=False)
  (linear_struct_2): Linear(in_features=10, out_features=10, bias=True)
  (relu_2): ReLU()
  (dropout_2): Dropout(p=0.01, inplace=False)
  (linear_final): Linear(in_features=10, out_features=1, bias=True)
  (sigmoid_final): Sigmoid()
)
REC: Training with epochs = 10
Epoch 1 -- batch 0 / 267 loss: 0.14374743402004242
Epoch 2 -- batch 0 / 267 loss: 0.1073717400431633
Epoch 3 -- batch 0 / 267 loss: 0.10263579338788986
Epoch 4 -- batch 0 / 267 loss: 0.1586410403251648
Epoch 5 -- batch 0 / 267 loss: 0.12894387543201447
NOT Saving checkpoint at epoch 5
Epoch 6 -- batch 0 / 267 loss: 0.09955205768346786
Epoch 7 -- batch 0 / 267 loss: 0.09982043504714966
Epoch 8 -- batch 0 / 267 loss: 0.1227075383067131
Epoch 9 -- batch 0 / 267 loss: 0.09717380255460739
Epoch 10 -- batch 0 / 267 loss: 0.12992918491363525
NOT Saving checkpoint at epoch 10
Done Training!

==================================
Testing (cite this): dataloader for dataset Kinships
Testing (cite this): batch 0 / 34
ranks: tensor([197., 188., 193.,  ..., 180., 183., 138.])
mr: 149.71817016601562
mrr: 0.07044542580842972
h1: 0.057116106152534485
h3: 0.06273408234119415
h5: 0.06554307043552399
h10: 0.07865168899297714
==================================

Done Testing!
done with training and eval
Experiments took 55 seconds
