['run_exp.py', '0', 'Kinships', '10', '5e-5', 'zscore', '1024', '30', '0', '1', 'simple', '1']
loading NN
done loading NN
loading dataset
Kinships
X_p: torch.Size([8544, 37])
X_p: torch.Size([1074, 37])
X_p: torch.Size([1068, 37])
done loading dataset
loading filters
done loading filters
loading negative samplers
loading triple features from cache
loading precalculated corruptions from cache
done loading negative samplers
Running in hyperparameter evaluation mode
TWIG will be evaulaited on the validation set
and will not be tested each epoch on the validation set
running training and eval
TWIG_KGL_v0(
  (linear_struct_1): Linear(in_features=22, out_features=10, bias=True)
  (relu_1): ReLU()
  (dropout_1): Dropout(p=0.01, inplace=False)
  (linear_struct_2): Linear(in_features=10, out_features=10, bias=True)
  (relu_2): ReLU()
  (dropout_2): Dropout(p=0.01, inplace=False)
  (linear_final): Linear(in_features=10, out_features=1, bias=True)
  (sigmoid_final): Sigmoid()
)
REC: Training with epochs = 10
Epoch 1 -- batch 0 / 9 loss: 0.1253676414489746
Epoch 2 -- batch 0 / 9 loss: 0.1234147921204567
Epoch 3 -- batch 0 / 9 loss: 0.11369127035140991
Epoch 4 -- batch 0 / 9 loss: 0.11582012474536896
Epoch 5 -- batch 0 / 9 loss: 0.11397331953048706
NOT Saving checkpoint at epoch 5
Epoch 6 -- batch 0 / 9 loss: 0.11497752368450165
Epoch 7 -- batch 0 / 9 loss: 0.11867129802703857
Epoch 8 -- batch 0 / 9 loss: 0.1188085749745369
Epoch 9 -- batch 0 / 9 loss: 0.10932783037424088
Epoch 10 -- batch 0 / 9 loss: 0.11718542128801346
NOT Saving checkpoint at epoch 10
Done Training!

==================================
Testing (cite this): dataloader for dataset Kinships
Testing (cite this): batch 0 / 2
ranks: tensor([197., 188., 193.,  ..., 180., 183., 107.])
mr: 146.87078857421875
mrr: 0.06890542060136795
h1: 0.05524344742298126
h3: 0.05992509424686432
h5: 0.06367041170597076
h10: 0.08614232391119003
==================================

Done Testing!
done with training and eval
Experiments took 56 seconds
