['run_exp.py', '0', 'Kinships', '10', '5e-5', 'zscore', '1024', '100', '0', '1', 'simple', '1']
loading NN
done loading NN
loading dataset
Kinships
X_p: torch.Size([8544, 37])
X_p: torch.Size([1074, 37])
X_p: torch.Size([1068, 37])
done loading dataset
loading filters
done loading filters
loading negative samplers
loading triple features from cache
loading precalculated corruptions from cache
done loading negative samplers
Running in hyperparameter evaluation mode
TWIG will be evaulaited on the validation set
and will not be tested each epoch on the validation set
running training and eval
TWIG_KGL_v0(
  (linear_struct_1): Linear(in_features=22, out_features=10, bias=True)
  (relu_1): ReLU()
  (dropout_1): Dropout(p=0.01, inplace=False)
  (linear_struct_2): Linear(in_features=10, out_features=10, bias=True)
  (relu_2): ReLU()
  (dropout_2): Dropout(p=0.01, inplace=False)
  (linear_final): Linear(in_features=10, out_features=1, bias=True)
  (sigmoid_final): Sigmoid()
)
REC: Training with epochs = 10
Epoch 1 -- batch 0 / 9 loss: 0.1252584308385849
Epoch 2 -- batch 0 / 9 loss: 0.12571699917316437
Epoch 3 -- batch 0 / 9 loss: 0.11835576593875885
Epoch 4 -- batch 0 / 9 loss: 0.11660195142030716
Epoch 5 -- batch 0 / 9 loss: 0.11723852157592773
NOT Saving checkpoint at epoch 5
Epoch 6 -- batch 0 / 9 loss: 0.12388958036899567
Epoch 7 -- batch 0 / 9 loss: 0.117982879281044
Epoch 8 -- batch 0 / 9 loss: 0.11313404887914658
Epoch 9 -- batch 0 / 9 loss: 0.11457964032888412
Epoch 10 -- batch 0 / 9 loss: 0.11272632330656052
NOT Saving checkpoint at epoch 10
Done Training!

==================================
Testing (cite this): dataloader for dataset Kinships
Testing (cite this): batch 0 / 2
ranks: tensor([197., 188., 193.,  ..., 180., 183., 106.])
mr: 147.15309143066406
mrr: 0.06771340221166611
h1: 0.05430711433291435
h3: 0.05898876488208771
h5: 0.06273408234119415
h10: 0.08520599454641342
==================================

Done Testing!
done with training and eval
Experiments took 62 seconds
