['run_exp.py', '0', 'Kinships', '10', '5e-5', 'zscore', '256', '30', '0', '1', 'simple', '1']
loading NN
done loading NN
loading dataset
Kinships
X_p: torch.Size([8544, 37])
X_p: torch.Size([1074, 37])
X_p: torch.Size([1068, 37])
done loading dataset
loading filters
done loading filters
loading negative samplers
loading triple features from cache
loading precalculated corruptions from cache
done loading negative samplers
Running in hyperparameter evaluation mode
TWIG will be evaulaited on the validation set
and will not be tested each epoch on the validation set
running training and eval
TWIG_KGL_v0(
  (linear_struct_1): Linear(in_features=22, out_features=10, bias=True)
  (relu_1): ReLU()
  (dropout_1): Dropout(p=0.01, inplace=False)
  (linear_struct_2): Linear(in_features=10, out_features=10, bias=True)
  (relu_2): ReLU()
  (dropout_2): Dropout(p=0.01, inplace=False)
  (linear_final): Linear(in_features=10, out_features=1, bias=True)
  (sigmoid_final): Sigmoid()
)
REC: Training with epochs = 10
Epoch 1 -- batch 0 / 34 loss: 0.12288405746221542
Epoch 2 -- batch 0 / 34 loss: 0.11695090681314468
Epoch 3 -- batch 0 / 34 loss: 0.11033116281032562
Epoch 4 -- batch 0 / 34 loss: 0.11336793005466461
Epoch 5 -- batch 0 / 34 loss: 0.1057548075914383
NOT Saving checkpoint at epoch 5
Epoch 6 -- batch 0 / 34 loss: 0.11691997945308685
Epoch 7 -- batch 0 / 34 loss: 0.11821852624416351
Epoch 8 -- batch 0 / 34 loss: 0.1223919689655304
Epoch 9 -- batch 0 / 34 loss: 0.12148530781269073
Epoch 10 -- batch 0 / 34 loss: 0.12138728052377701
NOT Saving checkpoint at epoch 10
Done Training!

==================================
Testing (cite this): dataloader for dataset Kinships
Testing (cite this): batch 0 / 5
ranks: tensor([197., 188., 193.,  ..., 180., 183., 107.])
mr: 147.9073028564453
mrr: 0.06656886637210846
h1: 0.05149812623858452
h3: 0.057116106152534485
h5: 0.06179775297641754
h10: 0.0833333358168602
==================================

Done Testing!
done with training and eval
Experiments took 60 seconds
