['run_exp.py', '0', 'UMLS', '10', '5e-6', 'zscore', '1024', '100', '0', '1', 'simple', '1']
loading NN
done loading NN
loading dataset
UMLS
X_p: torch.Size([5216, 37])
X_p: torch.Size([661, 37])
X_p: torch.Size([652, 37])
done loading dataset
loading filters
done loading filters
loading negative samplers
loading triple features from cache
loading precalculated corruptions from cache
done loading negative samplers
Running in hyperparameter evaluation mode
TWIG will be evaulaited on the validation set
and will not be tested each epoch on the validation set
running training and eval
TWIG_KGL_v0(
  (linear_struct_1): Linear(in_features=22, out_features=10, bias=True)
  (relu_1): ReLU()
  (dropout_1): Dropout(p=0.01, inplace=False)
  (linear_struct_2): Linear(in_features=10, out_features=10, bias=True)
  (relu_2): ReLU()
  (dropout_2): Dropout(p=0.01, inplace=False)
  (linear_final): Linear(in_features=10, out_features=1, bias=True)
  (sigmoid_final): Sigmoid()
)
REC: Training with epochs = 10
Epoch 1 -- batch 0 / 6 loss: 0.13221655786037445
Epoch 2 -- batch 0 / 6 loss: 0.13339723646640778
Epoch 3 -- batch 0 / 6 loss: 0.13199138641357422
Epoch 4 -- batch 0 / 6 loss: 0.13243547081947327
Epoch 5 -- batch 0 / 6 loss: 0.14054229855537415
NOT Saving checkpoint at epoch 5
Epoch 6 -- batch 0 / 6 loss: 0.13481691479682922
Epoch 7 -- batch 0 / 6 loss: 0.12785319983959198
Epoch 8 -- batch 0 / 6 loss: 0.13065080344676971
Epoch 9 -- batch 0 / 6 loss: 0.1286240965127945
Epoch 10 -- batch 0 / 6 loss: 0.13506720960140228
NOT Saving checkpoint at epoch 10
Done Training!

==================================
Testing (cite this): dataloader for dataset UMLS
Testing (cite this): batch 0 / 1
ranks: tensor([184.0000, 230.0000, 170.0000, 202.0000, 189.0000,  22.0000,  28.0000,
         49.0000, 105.0000, 170.0000, 175.0000, 139.0000, 134.0000, 200.0000,
        194.0000, 180.0000, 230.0000,  88.0000, 205.0000, 227.0000, 254.0000,
        126.0000,  94.0000,  64.0000,  54.0000, 163.0000,  80.0000,  93.0000,
        126.0000, 247.0000, 242.0000, 249.0000, 250.0000,  13.0000, 228.0000,
        127.0000, 250.0000, 245.0000, 246.0000, 241.0000, 234.0000, 220.0000,
        229.0000, 231.0000, 231.0000,  35.0000, 241.0000, 242.0000, 255.0000,
         71.0000,  85.0000,   9.0000, 233.0000,  18.0000, 239.0000, 242.0000,
        237.0000,  10.0000,  17.0000,  19.0000, 243.0000, 235.0000, 212.0000,
        213.0000, 173.0000, 222.0000, 227.0000, 220.0000, 220.0000, 158.0000,
        129.0000, 134.0000, 169.0000,  17.0000,   3.0000,   9.0000,   1.0000,
        124.0000, 203.0000, 193.0000,   6.0000,  33.0000,  84.0000, 150.0000,
        215.0000,  68.0000,  23.0000, 210.0000, 135.0000, 128.0000, 243.0000,
        263.0000, 259.0000,  26.0000, 167.0000,  66.0000, 240.0000, 240.0000,
        212.0000,  93.0000, 143.0000, 236.0000, 131.0000, 122.0000, 215.0000,
        217.0000, 250.0000, 253.0000,  78.0000, 257.0000, 232.0000,  27.0000,
         57.0000,  17.0000,  12.0000,   9.0000,  22.0000, 247.0000, 242.0000,
        250.0000,  64.0000, 238.0000,  81.0000, 212.0000, 246.0000,  26.0000,
         27.0000, 155.0000, 115.0000,  65.0000, 218.0000, 209.0000, 194.0000,
         45.0000, 161.0000, 207.0000, 131.0000, 227.0000, 245.0000, 258.0000,
        240.0000, 191.0000, 144.0000, 110.0000,   1.0000,   1.0000,   1.0000,
         29.0000, 196.0000, 209.0000, 211.0000, 200.0000, 207.0000,  87.0000,
        176.0000,  79.0000,   4.0000,   1.0000,   1.0000, 133.0000, 107.0000,
        223.0000, 122.0000,  95.0000, 210.0000, 186.0000, 184.0000,  12.0000,
        100.0000,  97.0000, 230.0000, 229.0000,  55.0000, 142.0000,  42.0000,
         19.0000,  68.0000, 191.0000,  18.0000,  12.0000,   8.0000,  64.0000,
         17.0000,  99.0000,   6.0000, 220.0000, 150.0000, 157.0000,   9.0000,
         41.0000, 268.0000, 215.0000, 254.0000, 246.0000, 196.0000, 232.0000,
          1.0000,  14.0000, 218.0000, 158.0000, 233.0000, 191.0000, 147.0000,
        135.0000, 131.0000, 225.0000, 144.0000, 230.0000,  29.0000,  10.0000,
        224.0000, 198.0000, 191.0000, 180.0000,  94.0000, 191.0000,   1.0000,
        139.0000,  14.0000,  18.0000, 146.0000, 230.0000, 160.0000, 191.0000,
        200.0000, 231.0000, 230.0000, 241.0000, 239.0000, 258.0000,  95.0000,
          4.0000,  18.0000, 246.0000, 217.0000, 238.0000, 249.0000, 229.0000,
        243.0000, 236.0000, 246.0000, 243.0000, 115.0000, 111.0000,  12.0000,
        213.0000, 240.0000, 230.0000, 237.0000, 246.0000, 236.0000, 249.0000,
        166.0000, 205.0000, 137.0000,  94.0000,  33.0000,  88.0000,  44.0000,
         10.0000, 235.0000, 176.0000, 243.0000,  93.0000,  11.0000,  11.0000,
         27.0000, 104.0000, 243.0000,  75.0000, 221.0000, 223.0000, 220.0000,
          7.0000, 223.0000, 206.0000, 213.0000,  41.0000,  97.0000,  27.0000,
        188.0000, 196.0000,  52.0000,   5.0000, 138.0000, 104.0000,  32.0000,
        122.0000, 236.0000,   1.0000, 166.0000, 135.0000,  64.0000, 202.0000,
        209.0000, 256.0000, 243.0000, 142.0000,  10.0000,   7.0000,   6.0000,
        209.0000,  28.0000,   1.0000, 230.0000, 199.0000, 166.0000, 144.0000,
        180.0000, 212.0000, 240.0000, 202.0000, 197.0000, 224.0000, 232.0000,
        209.0000, 123.0000, 204.0000, 224.0000, 253.0000, 156.0000, 252.0000,
        202.0000, 135.0000,  32.0000,  28.0000, 109.0000, 198.0000, 212.0000,
        183.0000, 207.0000, 202.0000, 170.0000, 215.0000, 146.0000,   1.0000,
        164.0000, 226.0000,  28.0000, 223.0000, 231.0000, 231.0000,  59.0000,
        180.0000, 134.0000, 143.0000, 219.0000, 236.0000, 235.0000, 185.0000,
        160.0000,  91.0000, 191.0000,  86.0000,  18.0000,  30.0000,  23.0000,
         28.0000,  34.0000, 157.0000, 230.0000, 237.0000, 243.0000, 234.0000,
        227.0000, 229.0000, 229.0000, 216.0000, 239.0000, 129.0000, 226.0000,
          1.0000,  38.0000, 202.0000, 151.0000,   8.0000, 241.0000,  38.0000,
        104.0000,  94.0000, 224.0000,   3.0000, 134.0000, 248.0000, 214.0000,
         67.0000, 260.0000, 192.0000, 142.0000,  51.0000, 255.0000,  54.0000,
        120.0000, 167.0000, 166.0000, 144.0000,  26.0000, 126.0000, 128.0000,
        127.0000, 127.0000, 201.0000, 186.0000, 218.0000,  21.0000,  28.0000,
        196.0000, 220.0000, 147.0000, 224.0000, 223.0000, 200.0000,  84.0000,
        228.0000, 248.0000, 201.0000,  59.0000, 133.0000,   1.0000, 217.0000,
        226.0000,  22.0000,  17.0000, 213.0000, 207.0000, 129.0000,   1.0000,
         62.0000, 249.0000, 256.0000, 161.0000, 229.0000, 227.0000, 245.0000,
        252.0000,   8.0000, 254.0000,  19.0000, 235.0000, 133.0000, 135.0000,
        255.0000,  24.0000, 181.0000, 163.0000, 189.0000,  30.0000,  18.0000,
        191.0000,   6.0000, 191.0000, 191.0000, 222.0000, 223.0000, 191.0000,
        108.0000,   7.0000,   1.0000, 121.0000,   2.0000, 162.0000,  44.0000,
        112.0000, 113.0000, 219.0000, 215.0000, 122.0000, 137.0000, 121.0000,
        129.0000, 189.0000, 185.0000, 206.0000,  96.0000,  39.0000,  28.0000,
         10.0000,  23.0000,  90.0000, 200.0000, 217.0000, 194.0000, 174.0000,
        192.0000, 164.0000,  16.0000, 210.0000,  25.0000, 211.0000, 207.0000,
         27.0000,  14.0000, 205.0000,  22.0000, 209.0000, 141.0000, 155.0000,
        220.0000, 243.0000, 227.0000, 243.0000,   5.0000,  19.0000, 223.0000,
        223.0000, 219.0000, 204.0000, 226.0000,  26.0000, 221.0000, 222.0000,
        193.0000, 213.0000, 110.0000,  86.0000, 135.0000,  61.0000,  99.0000,
        127.0000,  47.0000,  22.0000, 180.0000,  64.0000, 152.0000, 181.0000,
        207.0000,  33.0000, 155.0000,  81.0000, 120.0000,   1.0000,   7.0000,
         10.0000, 243.0000, 223.0000, 214.0000, 133.0000, 207.0000,  93.0000,
         33.0000, 225.0000, 228.0000, 202.0000, 205.0000,  13.0000, 217.0000,
         44.5000,  30.0000,   3.0000, 237.0000, 222.0000, 230.0000,  11.0000,
        229.0000, 234.0000, 162.0000, 202.0000, 200.0000, 246.0000, 246.0000,
         37.0000, 223.0000, 149.0000, 140.0000, 231.0000, 246.0000, 236.0000,
         35.0000, 118.0000, 195.0000, 231.0000, 194.0000,  54.0000,  85.0000,
        142.0000,  25.0000,  12.0000, 147.0000, 123.0000,  60.0000, 169.0000,
          1.0000, 108.0000, 185.0000, 187.0000, 171.0000, 194.0000, 177.0000,
          3.0000,   1.0000, 189.0000, 206.0000, 187.0000,  16.0000,  86.0000,
        189.0000,  40.0000,  27.0000,  49.0000,   6.0000,  86.0000,  51.0000,
         43.0000, 145.0000,  11.0000,  76.0000, 144.0000, 130.0000, 210.0000,
        124.0000,   1.0000, 116.0000,   1.0000, 138.0000, 102.0000,  39.0000,
        124.0000, 135.0000,   1.0000,   1.0000,   1.0000,   1.0000,   1.0000,
          1.0000,   1.0000,   1.0000, 160.0000,   1.0000, 148.0000,   1.0000,
         71.0000,  49.0000,   1.0000,   1.0000,   1.0000,   1.0000, 142.0000,
        119.0000,   1.0000,   1.0000,  14.0000, 117.0000,   1.0000,   1.0000,
          1.0000,   1.0000,   1.0000,   1.0000,   1.0000,   1.0000,   1.0000,
          1.0000])
mr: 137.3596649169922
mrr: 0.09028889983892441
h1: 0.07055214792490005
h3: 0.07822085916996002
h5: 0.08435583114624023
h10: 0.11809816211462021
==================================

Done Testing!
done with training and eval
Experiments took 46 seconds
